This is pdfTeX, Version 3.141592653-2.6-1.40.25 (TeX Live 2023) (preloaded format=pdflatex 2023.6.7)  17 JUL 2023 13:21
entering extended mode
 restricted \write18 enabled.
 file:line:error style messages enabled.
 %&-line parsing enabled.
**/Users/eric/Developer/LROD_extrinsics_estimation/report/report.tex
(/Users/eric/Developer/LROD_extrinsics_estimation/report/report.tex
LaTeX2e <2022-11-01> patch level 1
L3 programming layer <2023-06-05> (/usr/local/texlive/2023/texmf-dist/tex/latex/base/report.cls
Document Class: report 2022/07/02 v1.4n Standard LaTeX document class
(/usr/local/texlive/2023/texmf-dist/tex/latex/base/size10.clo
File: size10.clo 2022/07/02 v1.4n Standard LaTeX file (size option)
)
\c@part=\count185
\c@chapter=\count186
\c@section=\count187
\c@subsection=\count188
\c@subsubsection=\count189
\c@paragraph=\count190
\c@subparagraph=\count191
\c@figure=\count192
\c@table=\count193
\abovecaptionskip=\skip48
\belowcaptionskip=\skip49
\bibindent=\dimen140
) (/usr/local/texlive/2023/texmf-dist/tex/latex/pdfpages/pdfpages.sty
Package: pdfpages 2022/12/19 v0.5x Insert pages of external PDF documents (AM)
 (/usr/local/texlive/2023/texmf-dist/tex/latex/base/ifthen.sty
Package: ifthen 2022/04/13 v1.1d Standard LaTeX ifthen package (DPC)
) (/usr/local/texlive/2023/texmf-dist/tex/latex/tools/calc.sty
Package: calc 2017/05/25 v4.3 Infix arithmetic (KKT,FJ)
\calc@Acount=\count194
\calc@Bcount=\count195
\calc@Adimen=\dimen141
\calc@Bdimen=\dimen142
\calc@Askip=\skip50
\calc@Bskip=\skip51
LaTeX Info: Redefining \setlength on input line 80.
LaTeX Info: Redefining \addtolength on input line 81.
\calc@Ccount=\count196
\calc@Cskip=\skip52
) (/usr/local/texlive/2023/texmf-dist/tex/latex/eso-pic/eso-pic.sty
Package: eso-pic 2023/05/03 v3.0c eso-pic (RN)
\ESO@tempdima=\dimen143
\ESO@tempdimb=\dimen144
 (/usr/local/texlive/2023/texmf-dist/tex/latex/graphics/keyval.sty
Package: keyval 2022/05/29 v1.15 key=value parser (DPC)
\KV@toks@=\toks16
) (/usr/local/texlive/2023/texmf-dist/tex/latex/xcolor/xcolor.sty
Package: xcolor 2022/06/12 v2.14 LaTeX color extensions (UK)
 (/usr/local/texlive/2023/texmf-dist/tex/latex/graphics-cfg/color.cfg
File: color.cfg 2016/01/02 v1.6 sample color configuration
)
Package xcolor Info: Driver file: pdftex.def on input line 227.
 (/usr/local/texlive/2023/texmf-dist/tex/latex/graphics-def/pdftex.def
File: pdftex.def 2022/09/22 v1.2b Graphics/color driver for pdftex
) (/usr/local/texlive/2023/texmf-dist/tex/latex/graphics/mathcolor.ltx)
Package xcolor Info: Model `cmy' substituted by `cmy0' on input line 1353.
Package xcolor Info: Model `hsb' substituted by `rgb' on input line 1357.
Package xcolor Info: Model `RGB' extended on input line 1369.
Package xcolor Info: Model `HTML' substituted by `rgb' on input line 1371.
Package xcolor Info: Model `Hsb' substituted by `hsb' on input line 1372.
Package xcolor Info: Model `tHsb' substituted by `hsb' on input line 1373.
Package xcolor Info: Model `HSB' substituted by `hsb' on input line 1374.
Package xcolor Info: Model `Gray' substituted by `gray' on input line 1375.
Package xcolor Info: Model `wave' substituted by `hsb' on input line 1376.
)) (/usr/local/texlive/2023/texmf-dist/tex/latex/graphics/graphicx.sty
Package: graphicx 2021/09/16 v1.2d Enhanced LaTeX Graphics (DPC,SPQR)
 (/usr/local/texlive/2023/texmf-dist/tex/latex/graphics/graphics.sty
Package: graphics 2022/03/10 v1.4e Standard LaTeX Graphics (DPC,SPQR)
 (/usr/local/texlive/2023/texmf-dist/tex/latex/graphics/trig.sty
Package: trig 2021/08/11 v1.11 sin cos tan (DPC)
) (/usr/local/texlive/2023/texmf-dist/tex/latex/graphics-cfg/graphics.cfg
File: graphics.cfg 2016/06/04 v1.11 sample graphics configuration
)
Package graphics Info: Driver file: pdftex.def on input line 107.
)
\Gin@req@height=\dimen145
\Gin@req@width=\dimen146
)
\AM@pagewidth=\dimen147
\AM@pageheight=\dimen148
\AM@fboxrule=\dimen149
 (/usr/local/texlive/2023/texmf-dist/tex/latex/pdfpages/pppdftex.def
File: pppdftex.def 2022/12/19 v0.5x Pdfpages driver for pdfTeX (AM)
)
\pdfpages@includegraphics@status=\count197
\AM@pagebox=\box51
\AM@global@opts=\toks17
\AM@pagecnt=\count198
\AM@toc@title=\toks18
\AM@lof@heading=\toks19
\c@AM@survey=\count199
\AM@templatesizebox=\box52
) (/usr/local/texlive/2023/texmf-dist/tex/latex/tools/tabularx.sty
Package: tabularx 2020/01/15 v2.11c `tabularx' package (DPC)
 (/usr/local/texlive/2023/texmf-dist/tex/latex/tools/array.sty
Package: array 2022/09/04 v2.5g Tabular extension package (FMi)
\col@sep=\dimen150
\ar@mcellbox=\box53
\extrarowheight=\dimen151
\NC@list=\toks20
\extratabsurround=\skip53
\backup@length=\skip54
\ar@cellbox=\box54
)
\TX@col@width=\dimen152
\TX@old@table=\dimen153
\TX@old@col=\dimen154
\TX@target=\dimen155
\TX@delta=\dimen156
\TX@cols=\count266
\TX@ftn=\toks21
) (/usr/local/texlive/2023/texmf-dist/tex/latex/tools/multicol.sty
Package: multicol 2021/11/30 v1.9d multicolumn formatting (FMi)
\c@tracingmulticols=\count267
\mult@box=\box55
\multicol@leftmargin=\dimen157
\c@unbalance=\count268
\c@collectmore=\count269
\doublecol@number=\count270
\multicoltolerance=\count271
\multicolpretolerance=\count272
\full@width=\dimen158
\page@free=\dimen159
\premulticols=\dimen160
\postmulticols=\dimen161
\multicolsep=\skip55
\multicolbaselineskip=\skip56
\partial@page=\box56
\last@line=\box57
\maxbalancingoverflow=\dimen162
\mult@rightbox=\box58
\mult@grightbox=\box59
\mult@firstbox=\box60
\mult@gfirstbox=\box61
\@tempa=\box62
\@tempa=\box63
\@tempa=\box64
\@tempa=\box65
\@tempa=\box66
\@tempa=\box67
\@tempa=\box68
\@tempa=\box69
\@tempa=\box70
\@tempa=\box71
\@tempa=\box72
\@tempa=\box73
\@tempa=\box74
\@tempa=\box75
\@tempa=\box76
\@tempa=\box77
\@tempa=\box78
\@tempa=\box79
\@tempa=\box80
\@tempa=\box81
\@tempa=\box82
\@tempa=\box83
\@tempa=\box84
\@tempa=\box85
\@tempa=\box86
\@tempa=\box87
\@tempa=\box88
\@tempa=\box89
\@tempa=\box90
\@tempa=\box91
\@tempa=\box92
\@tempa=\box93
\@tempa=\box94
\@tempa=\box95
\@tempa=\box96
\@tempa=\box97
\c@minrows=\count273
\c@columnbadness=\count274
\c@finalcolumnbadness=\count275
\last@try=\dimen163
\multicolovershoot=\dimen164
\multicolundershoot=\dimen165
\mult@nat@firstbox=\box98
\colbreak@box=\box99
\mc@col@check@num=\count276
) (/usr/local/texlive/2023/texmf-dist/tex/latex/enumitem/enumitem.sty
Package: enumitem 2019/06/20 v3.9 Customized lists
\labelindent=\skip57
\enit@outerparindent=\dimen166
\enit@toks=\toks22
\enit@inbox=\box100
\enit@count@id=\count277
\enitdp@description=\count278
) (/usr/local/texlive/2023/texmf-dist/tex/latex/listings/listings.sty
\lst@mode=\count279
\lst@gtempboxa=\box101
\lst@token=\toks23
\lst@length=\count280
\lst@currlwidth=\dimen167
\lst@column=\count281
\lst@pos=\count282
\lst@lostspace=\dimen168
\lst@width=\dimen169
\lst@newlines=\count283
\lst@lineno=\count284
\lst@maxwidth=\dimen170
 (/usr/local/texlive/2023/texmf-dist/tex/latex/listings/lstmisc.sty
File: lstmisc.sty 2023/02/27 1.9 (Carsten Heinz)
\c@lstnumber=\count285
\lst@skipnumbers=\count286
\lst@framebox=\box102
) (/usr/local/texlive/2023/texmf-dist/tex/latex/listings/listings.cfg
File: listings.cfg 2023/02/27 1.9 listings configuration
))
Package: listings 2023/02/27 1.9 (Carsten Heinz)
 (./packages/ethasl.sty

LaTeX Warning: You have requested package `packages/ethasl',
               but the package provides `ethasl'.

Package: ethasl 2013/10/07, v. 1.1
providing new style definitions and commands ---
) (./preambles/asl_preamble.tex (/usr/local/texlive/2023/texmf-dist/tex/latex/base/inputenc.sty
Package: inputenc 2021/02/14 v1.3d Input encoding file
\inpenc@prehook=\toks24
\inpenc@posthook=\toks25
) (/usr/local/texlive/2023/texmf-dist/tex/latex/base/fontenc.sty
Package: fontenc 2021/04/29 v2.0v Standard LaTeX package
) (/usr/local/texlive/2023/texmf-dist/tex/latex/ntgclass/a4.sty
Package: a4 2023/01/10 v1.2g A4 based page layout
) (/usr/local/texlive/2023/texmf-dist/tex/latex/fancyhdr/fancyhdr.sty
Package: fancyhdr 2022/11/09 v4.1 Extensive control of page headers and footers
\f@nch@headwidth=\skip58
\f@nch@O@elh=\skip59
\f@nch@O@erh=\skip60
\f@nch@O@olh=\skip61
\f@nch@O@orh=\skip62
\f@nch@O@elf=\skip63
\f@nch@O@erf=\skip64
\f@nch@O@olf=\skip65
\f@nch@O@orf=\skip66
) (/usr/local/texlive/2023/texmf-dist/tex/latex/base/textcomp.sty
Package: textcomp 2020/02/02 v2.0n Standard LaTeX package
) (/usr/local/texlive/2023/texmf-dist/tex/latex/gensymb/gensymb.sty
Package: gensymb 2022/10/17 v1.0.2 (KJH)
) (/usr/local/texlive/2023/texmf-dist/tex/latex/isodate/isodate.sty
Package: isodate 2010/01/03 v2.30 Print dates with different formats (HH)
 (/usr/local/texlive/2023/texmf-dist/tex/latex/substr/substr.sty
Package: substr 2009/10/20 v1.2 Handle substrings
\c@su@anzahl=\count287
) (/usr/local/texlive/2023/texmf-dist/tex/latex/isodate/english.idf
File: english.idf 2010/01/03 v2.30 Language definitions for isodate package (HH)

Define commands for English date format
)
\c@iso@tmpmonth=\count288
\c@iso@yeartwo=\count289
\c@iso@slash=\count290
\c@iso@minus=\count291
\c@iso@dot=\count292
\c@iso@@slash=\count293
\c@iso@@minus=\count294
\c@iso@@dot=\count295
) (/usr/local/texlive/2023/texmf-dist/tex/latex/subfigure/subfigure.sty
Package: subfigure 2002/03/15 v2.1.5 subfigure package
\subfigtopskip=\skip67
\subfigcapskip=\skip68
\subfigcaptopadj=\dimen171
\subfigbottomskip=\skip69
\subfigcapmargin=\dimen172
\subfiglabelskip=\skip70
\c@subfigure=\count296
\c@lofdepth=\count297
\c@subtable=\count298
\c@lotdepth=\count299

****************************************
* Local config file subfigure.cfg used *
****************************************
(/usr/local/texlive/2023/texmf-dist/tex/latex/subfigure/subfigure.cfg)
\subfig@top=\skip71
\subfig@bottom=\skip72
) (/usr/local/texlive/2023/texmf-dist/tex/latex/natbib/natbib.sty
Package: natbib 2010/09/13 8.31b (PWD, AO)
\bibhang=\skip73
\bibsep=\skip74
LaTeX Info: Redefining \cite on input line 694.
\c@NAT@ctr=\count300
) (/usr/local/texlive/2023/texmf-dist/tex/latex/booktabs/booktabs.sty
Package: booktabs 2020/01/12 v1.61803398 Publication quality tables
\heavyrulewidth=\dimen173
\lightrulewidth=\dimen174
\cmidrulewidth=\dimen175
\belowrulesep=\dimen176
\belowbottomsep=\dimen177
\aboverulesep=\dimen178
\abovetopsep=\dimen179
\cmidrulesep=\dimen180
\cmidrulekern=\dimen181
\defaultaddspace=\dimen182
\@cmidla=\count301
\@cmidlb=\count302
\@aboverulesep=\dimen183
\@belowrulesep=\dimen184
\@thisruleclass=\count303
\@lastruleclass=\count304
\@thisrulewidth=\dimen185
) (/usr/local/texlive/2023/texmf-dist/tex/latex/multirow/multirow.sty
Package: multirow 2021/03/15 v2.8 Span multiple rows of a table
\multirow@colwidth=\skip75
\multirow@cntb=\count305
\multirow@dima=\skip76
\bigstrutjot=\dimen186
) (/usr/local/texlive/2023/texmf-dist/tex/latex/colortbl/colortbl.sty
Package: colortbl 2022/06/20 v1.0f Color table columns (DPC)
\everycr=\toks26
\minrowclearance=\skip77
\rownum=\count306
) (/usr/local/texlive/2023/texmf-dist/tex/latex/amsmath/amsmath.sty
Package: amsmath 2022/04/08 v2.17n AMS math features
\@mathmargin=\skip78

For additional information on amsmath, use the `?' option.
(/usr/local/texlive/2023/texmf-dist/tex/latex/amsmath/amstext.sty
Package: amstext 2021/08/26 v2.01 AMS text
 (/usr/local/texlive/2023/texmf-dist/tex/latex/amsmath/amsgen.sty
File: amsgen.sty 1999/11/30 v2.0 generic functions
\@emptytoks=\toks27
\ex@=\dimen187
)) (/usr/local/texlive/2023/texmf-dist/tex/latex/amsmath/amsbsy.sty
Package: amsbsy 1999/11/29 v1.2d Bold Symbols
\pmbraise@=\dimen188
) (/usr/local/texlive/2023/texmf-dist/tex/latex/amsmath/amsopn.sty
Package: amsopn 2022/04/08 v2.04 operator names
)
\inf@bad=\count307
LaTeX Info: Redefining \frac on input line 234.
\uproot@=\count308
\leftroot@=\count309
LaTeX Info: Redefining \overline on input line 399.
LaTeX Info: Redefining \colon on input line 410.
\classnum@=\count310
\DOTSCASE@=\count311
LaTeX Info: Redefining \ldots on input line 496.
LaTeX Info: Redefining \dots on input line 499.
LaTeX Info: Redefining \cdots on input line 620.
\Mathstrutbox@=\box103
\strutbox@=\box104
LaTeX Info: Redefining \big on input line 722.
LaTeX Info: Redefining \Big on input line 723.
LaTeX Info: Redefining \bigg on input line 724.
LaTeX Info: Redefining \Bigg on input line 725.
\big@size=\dimen189
LaTeX Font Info:    Redeclaring font encoding OML on input line 743.
LaTeX Font Info:    Redeclaring font encoding OMS on input line 744.
\macc@depth=\count312
LaTeX Info: Redefining \bmod on input line 905.
LaTeX Info: Redefining \pmod on input line 910.
LaTeX Info: Redefining \smash on input line 940.
LaTeX Info: Redefining \relbar on input line 970.
LaTeX Info: Redefining \Relbar on input line 971.
\c@MaxMatrixCols=\count313
\dotsspace@=\muskip16
\c@parentequation=\count314
\dspbrk@lvl=\count315
\tag@help=\toks28
\row@=\count316
\column@=\count317
\maxfields@=\count318
\andhelp@=\toks29
\eqnshift@=\dimen190
\alignsep@=\dimen191
\tagshift@=\dimen192
\tagwidth@=\dimen193
\totwidth@=\dimen194
\lineht@=\dimen195
\@envbody=\toks30
\multlinegap=\skip79
\multlinetaggap=\skip80
\mathdisplay@stack=\toks31
LaTeX Info: Redefining \[ on input line 2953.
LaTeX Info: Redefining \] on input line 2954.
) (/usr/local/texlive/2023/texmf-dist/tex/latex/amsfonts/amssymb.sty
Package: amssymb 2013/01/14 v3.01 AMS font symbols
 (/usr/local/texlive/2023/texmf-dist/tex/latex/amsfonts/amsfonts.sty
Package: amsfonts 2013/01/14 v3.01 Basic AMSFonts support
\symAMSa=\mathgroup4
\symAMSb=\mathgroup5
LaTeX Font Info:    Redeclaring math symbol \hbar on input line 98.
LaTeX Font Info:    Overwriting math alphabet `\mathfrak' in version `bold'
(Font)                  U/euf/m/n --> U/euf/b/n on input line 106.
)) (/usr/local/texlive/2023/texmf-dist/tex/latex/units/nicefrac.sty
Package: nicefrac 1998/08/04 v0.9b Nice fractions
\L@UnitsRaiseDisplaystyle=\skip81
\L@UnitsRaiseTextstyle=\skip82
\L@UnitsRaiseScriptstyle=\skip83
) (/usr/local/texlive/2023/texmf-dist/tex/latex/was/upgreek.sty
Package: upgreek 2003/02/12 v2.0 (WaS)
Package upgreek Info: Using Euler Roman for upright Greek on input line 31.
\symugrf@m=\mathgroup6
LaTeX Font Info:    Overwriting symbol font `ugrf@m' in version `bold'
(Font)                  U/eur/m/n --> U/eur/b/n on input line 38.
) (/usr/local/texlive/2023/texmf-dist/tex/latex/isomath/isomath.sty
Package: isomath 2012/09/04 v0.6.1 ISO math style
 (/usr/local/texlive/2023/texmf-dist/tex/latex/fixmath/fixmath.sty
Package: fixmath 2022/10/06 v0.9.1 (WaS)
LaTeX Font Info:    Redeclaring math symbol \Gamma on input line 27.
LaTeX Font Info:    Redeclaring math symbol \Delta on input line 28.
LaTeX Font Info:    Redeclaring math symbol \Theta on input line 29.
LaTeX Font Info:    Redeclaring math symbol \Lambda on input line 30.
LaTeX Font Info:    Redeclaring math symbol \Xi on input line 31.
LaTeX Font Info:    Redeclaring math symbol \Pi on input line 32.
LaTeX Font Info:    Redeclaring math symbol \Sigma on input line 33.
LaTeX Font Info:    Redeclaring math symbol \Upsilon on input line 34.
LaTeX Font Info:    Redeclaring math symbol \Phi on input line 35.
LaTeX Font Info:    Redeclaring math symbol \Psi on input line 36.
LaTeX Font Info:    Redeclaring math symbol \Omega on input line 37.
LaTeX Font Info:    Redeclaring math symbol \alpha on input line 38.
LaTeX Font Info:    Redeclaring math symbol \beta on input line 39.
LaTeX Font Info:    Redeclaring math symbol \gamma on input line 40.
LaTeX Font Info:    Redeclaring math symbol \delta on input line 41.
LaTeX Font Info:    Redeclaring math symbol \epsilon on input line 42.
LaTeX Font Info:    Redeclaring math symbol \zeta on input line 43.
LaTeX Font Info:    Redeclaring math symbol \eta on input line 44.
LaTeX Font Info:    Redeclaring math symbol \theta on input line 45.
LaTeX Font Info:    Redeclaring math symbol \iota on input line 46.
LaTeX Font Info:    Redeclaring math symbol \kappa on input line 47.
LaTeX Font Info:    Redeclaring math symbol \lambda on input line 48.
LaTeX Font Info:    Redeclaring math symbol \mu on input line 49.
LaTeX Font Info:    Redeclaring math symbol \nu on input line 50.
LaTeX Font Info:    Redeclaring math symbol \xi on input line 51.
LaTeX Font Info:    Redeclaring math symbol \pi on input line 52.
LaTeX Font Info:    Redeclaring math symbol \rho on input line 53.
LaTeX Font Info:    Redeclaring math symbol \sigma on input line 54.
LaTeX Font Info:    Redeclaring math symbol \tau on input line 55.
LaTeX Font Info:    Redeclaring math symbol \upsilon on input line 56.
LaTeX Font Info:    Redeclaring math symbol \phi on input line 57.
LaTeX Font Info:    Redeclaring math symbol \chi on input line 58.
LaTeX Font Info:    Redeclaring math symbol \psi on input line 59.
LaTeX Font Info:    Redeclaring math symbol \omega on input line 60.
LaTeX Font Info:    Redeclaring math symbol \varepsilon on input line 61.
LaTeX Font Info:    Redeclaring math symbol \vartheta on input line 62.
LaTeX Font Info:    Redeclaring math symbol \varpi on input line 63.
LaTeX Font Info:    Redeclaring math symbol \varphi on input line 64.
LaTeX Font Info:    Redeclaring math symbol \varrho on input line 65.
LaTeX Font Info:    Redeclaring math symbol \varsigma on input line 66.
) (/usr/local/texlive/2023/texmf-dist/tex/latex/kvoptions/kvoptions.sty
Package: kvoptions 2022-06-15 v3.15 Key value format for package options (HO)
 (/usr/local/texlive/2023/texmf-dist/tex/generic/ltxcmds/ltxcmds.sty
Package: ltxcmds 2020-05-10 v1.25 LaTeX kernel commands for general use (HO)
) (/usr/local/texlive/2023/texmf-dist/tex/latex/kvsetkeys/kvsetkeys.sty
Package: kvsetkeys 2022-10-05 v1.19 Key value parser (HO)
))) (/usr/local/texlive/2023/texmf-dist/tex/latex/units/units.sty
Package: units 1998/08/04 v0.9b Typesetting units
) (/usr/local/texlive/2023/texmf-dist/tex/latex/graphics/rotating.sty
Package: rotating 2016/08/11 v2.16d rotated objects in LaTeX
\c@r@tfl@t=\count319
\rotFPtop=\skip84
\rotFPbot=\skip85
\rot@float@box=\box105
\rot@mess@toks=\toks32
) (/usr/local/texlive/2023/texmf-dist/tex/latex/pgfgantt/pgfgantt.sty
Package: pgfgantt 2018/01/10 v5.0 Draw Gantt diagrams with TikZ
 (/usr/local/texlive/2023/texmf-dist/tex/latex/pgf/frontendlayer/tikz.sty (/usr/local/texlive/2023/texmf-dist/tex/latex/pgf/basiclayer/pgf.sty (/usr/local/texlive/2023/texmf-dist/tex/latex/pgf/utilities/pgfrcs.sty (/usr/local/texlive/2023/texmf-dist/tex/generic/pgf/utilities/pgfutil-common.tex
\pgfutil@everybye=\toks33
\pgfutil@tempdima=\dimen196
\pgfutil@tempdimb=\dimen197
) (/usr/local/texlive/2023/texmf-dist/tex/generic/pgf/utilities/pgfutil-latex.def
\pgfutil@abb=\box106
) (/usr/local/texlive/2023/texmf-dist/tex/generic/pgf/utilities/pgfrcs.code.tex (/usr/local/texlive/2023/texmf-dist/tex/generic/pgf/pgf.revision.tex)
Package: pgfrcs 2023-01-15 v3.1.10 (3.1.10)
))
Package: pgf 2023-01-15 v3.1.10 (3.1.10)
 (/usr/local/texlive/2023/texmf-dist/tex/latex/pgf/basiclayer/pgfcore.sty (/usr/local/texlive/2023/texmf-dist/tex/latex/pgf/systemlayer/pgfsys.sty (/usr/local/texlive/2023/texmf-dist/tex/generic/pgf/systemlayer/pgfsys.code.tex
Package: pgfsys 2023-01-15 v3.1.10 (3.1.10)
 (/usr/local/texlive/2023/texmf-dist/tex/generic/pgf/utilities/pgfkeys.code.tex
\pgfkeys@pathtoks=\toks34
\pgfkeys@temptoks=\toks35
 (/usr/local/texlive/2023/texmf-dist/tex/generic/pgf/utilities/pgfkeyslibraryfiltered.code.tex
\pgfkeys@tmptoks=\toks36
))
\pgf@x=\dimen198
\pgf@y=\dimen199
\pgf@xa=\dimen256
\pgf@ya=\dimen257
\pgf@xb=\dimen258
\pgf@yb=\dimen259
\pgf@xc=\dimen260
\pgf@yc=\dimen261
\pgf@xd=\dimen262
\pgf@yd=\dimen263
\w@pgf@writea=\write3
\r@pgf@reada=\read2
\c@pgf@counta=\count320
\c@pgf@countb=\count321
\c@pgf@countc=\count322
\c@pgf@countd=\count323
\t@pgf@toka=\toks37
\t@pgf@tokb=\toks38
\t@pgf@tokc=\toks39
\pgf@sys@id@count=\count324
 (/usr/local/texlive/2023/texmf-dist/tex/generic/pgf/systemlayer/pgf.cfg
File: pgf.cfg 2023-01-15 v3.1.10 (3.1.10)
)
Driver file for pgf: pgfsys-pdftex.def
 (/usr/local/texlive/2023/texmf-dist/tex/generic/pgf/systemlayer/pgfsys-pdftex.def
File: pgfsys-pdftex.def 2023-01-15 v3.1.10 (3.1.10)
 (/usr/local/texlive/2023/texmf-dist/tex/generic/pgf/systemlayer/pgfsys-common-pdf.def
File: pgfsys-common-pdf.def 2023-01-15 v3.1.10 (3.1.10)
))) (/usr/local/texlive/2023/texmf-dist/tex/generic/pgf/systemlayer/pgfsyssoftpath.code.tex
File: pgfsyssoftpath.code.tex 2023-01-15 v3.1.10 (3.1.10)
\pgfsyssoftpath@smallbuffer@items=\count325
\pgfsyssoftpath@bigbuffer@items=\count326
) (/usr/local/texlive/2023/texmf-dist/tex/generic/pgf/systemlayer/pgfsysprotocol.code.tex
File: pgfsysprotocol.code.tex 2023-01-15 v3.1.10 (3.1.10)
)) (/usr/local/texlive/2023/texmf-dist/tex/generic/pgf/basiclayer/pgfcore.code.tex
Package: pgfcore 2023-01-15 v3.1.10 (3.1.10)
 (/usr/local/texlive/2023/texmf-dist/tex/generic/pgf/math/pgfmath.code.tex (/usr/local/texlive/2023/texmf-dist/tex/generic/pgf/math/pgfmathutil.code.tex) (/usr/local/texlive/2023/texmf-dist/tex/generic/pgf/math/pgfmathparser.code.tex
\pgfmath@dimen=\dimen264
\pgfmath@count=\count327
\pgfmath@box=\box107
\pgfmath@toks=\toks40
\pgfmath@stack@operand=\toks41
\pgfmath@stack@operation=\toks42
) (/usr/local/texlive/2023/texmf-dist/tex/generic/pgf/math/pgfmathfunctions.code.tex) (/usr/local/texlive/2023/texmf-dist/tex/generic/pgf/math/pgfmathfunctions.basic.code.tex) (/usr/local/texlive/2023/texmf-dist/tex/generic/pgf/math/pgfmathfunctions.trigonometric.code.tex) (/usr/local/texlive/2023/texmf-dist/tex/generic/pgf/math/pgfmathfunctions.random.code.tex) (/usr/local/texlive/2023/texmf-dist/tex/generic/pgf/math/pgfmathfunctions.comparison.code.tex) (/usr/local/texlive/2023/texmf-dist/tex/generic/pgf/math/pgfmathfunctions.base.code.tex) (/usr/local/texlive/2023/texmf-dist/tex/generic/pgf/math/pgfmathfunctions.round.code.tex) (/usr/local/texlive/2023/texmf-dist/tex/generic/pgf/math/pgfmathfunctions.misc.code.tex) (/usr/local/texlive/2023/texmf-dist/tex/generic/pgf/math/pgfmathfunctions.integerarithmetics.code.tex) (/usr/local/texlive/2023/texmf-dist/tex/generic/pgf/math/pgfmathcalc.code.tex) (/usr/local/texlive/2023/texmf-dist/tex/generic/pgf/math/pgfmathfloat.code.tex
\c@pgfmathroundto@lastzeros=\count328
)) (/usr/local/texlive/2023/texmf-dist/tex/generic/pgf/math/pgfint.code.tex) (/usr/local/texlive/2023/texmf-dist/tex/generic/pgf/basiclayer/pgfcorepoints.code.tex
File: pgfcorepoints.code.tex 2023-01-15 v3.1.10 (3.1.10)
\pgf@picminx=\dimen265
\pgf@picmaxx=\dimen266
\pgf@picminy=\dimen267
\pgf@picmaxy=\dimen268
\pgf@pathminx=\dimen269
\pgf@pathmaxx=\dimen270
\pgf@pathminy=\dimen271
\pgf@pathmaxy=\dimen272
\pgf@xx=\dimen273
\pgf@xy=\dimen274
\pgf@yx=\dimen275
\pgf@yy=\dimen276
\pgf@zx=\dimen277
\pgf@zy=\dimen278
) (/usr/local/texlive/2023/texmf-dist/tex/generic/pgf/basiclayer/pgfcorepathconstruct.code.tex
File: pgfcorepathconstruct.code.tex 2023-01-15 v3.1.10 (3.1.10)
\pgf@path@lastx=\dimen279
\pgf@path@lasty=\dimen280
) (/usr/local/texlive/2023/texmf-dist/tex/generic/pgf/basiclayer/pgfcorepathusage.code.tex
File: pgfcorepathusage.code.tex 2023-01-15 v3.1.10 (3.1.10)
\pgf@shorten@end@additional=\dimen281
\pgf@shorten@start@additional=\dimen282
) (/usr/local/texlive/2023/texmf-dist/tex/generic/pgf/basiclayer/pgfcorescopes.code.tex
File: pgfcorescopes.code.tex 2023-01-15 v3.1.10 (3.1.10)
\pgfpic=\box108
\pgf@hbox=\box109
\pgf@layerbox@main=\box110
\pgf@picture@serial@count=\count329
) (/usr/local/texlive/2023/texmf-dist/tex/generic/pgf/basiclayer/pgfcoregraphicstate.code.tex
File: pgfcoregraphicstate.code.tex 2023-01-15 v3.1.10 (3.1.10)
\pgflinewidth=\dimen283
) (/usr/local/texlive/2023/texmf-dist/tex/generic/pgf/basiclayer/pgfcoretransformations.code.tex
File: pgfcoretransformations.code.tex 2023-01-15 v3.1.10 (3.1.10)
\pgf@pt@x=\dimen284
\pgf@pt@y=\dimen285
\pgf@pt@temp=\dimen286
) (/usr/local/texlive/2023/texmf-dist/tex/generic/pgf/basiclayer/pgfcorequick.code.tex
File: pgfcorequick.code.tex 2023-01-15 v3.1.10 (3.1.10)
) (/usr/local/texlive/2023/texmf-dist/tex/generic/pgf/basiclayer/pgfcoreobjects.code.tex
File: pgfcoreobjects.code.tex 2023-01-15 v3.1.10 (3.1.10)
) (/usr/local/texlive/2023/texmf-dist/tex/generic/pgf/basiclayer/pgfcorepathprocessing.code.tex
File: pgfcorepathprocessing.code.tex 2023-01-15 v3.1.10 (3.1.10)
) (/usr/local/texlive/2023/texmf-dist/tex/generic/pgf/basiclayer/pgfcorearrows.code.tex
File: pgfcorearrows.code.tex 2023-01-15 v3.1.10 (3.1.10)
\pgfarrowsep=\dimen287
) (/usr/local/texlive/2023/texmf-dist/tex/generic/pgf/basiclayer/pgfcoreshade.code.tex
File: pgfcoreshade.code.tex 2023-01-15 v3.1.10 (3.1.10)
\pgf@max=\dimen288
\pgf@sys@shading@range@num=\count330
\pgf@shadingcount=\count331
) (/usr/local/texlive/2023/texmf-dist/tex/generic/pgf/basiclayer/pgfcoreimage.code.tex
File: pgfcoreimage.code.tex 2023-01-15 v3.1.10 (3.1.10)
) (/usr/local/texlive/2023/texmf-dist/tex/generic/pgf/basiclayer/pgfcoreexternal.code.tex
File: pgfcoreexternal.code.tex 2023-01-15 v3.1.10 (3.1.10)
\pgfexternal@startupbox=\box111
) (/usr/local/texlive/2023/texmf-dist/tex/generic/pgf/basiclayer/pgfcorelayers.code.tex
File: pgfcorelayers.code.tex 2023-01-15 v3.1.10 (3.1.10)
) (/usr/local/texlive/2023/texmf-dist/tex/generic/pgf/basiclayer/pgfcoretransparency.code.tex
File: pgfcoretransparency.code.tex 2023-01-15 v3.1.10 (3.1.10)
) (/usr/local/texlive/2023/texmf-dist/tex/generic/pgf/basiclayer/pgfcorepatterns.code.tex
File: pgfcorepatterns.code.tex 2023-01-15 v3.1.10 (3.1.10)
) (/usr/local/texlive/2023/texmf-dist/tex/generic/pgf/basiclayer/pgfcorerdf.code.tex
File: pgfcorerdf.code.tex 2023-01-15 v3.1.10 (3.1.10)
))) (/usr/local/texlive/2023/texmf-dist/tex/generic/pgf/modules/pgfmoduleshapes.code.tex
File: pgfmoduleshapes.code.tex 2023-01-15 v3.1.10 (3.1.10)
\pgfnodeparttextbox=\box112
) (/usr/local/texlive/2023/texmf-dist/tex/generic/pgf/modules/pgfmoduleplot.code.tex
File: pgfmoduleplot.code.tex 2023-01-15 v3.1.10 (3.1.10)
) (/usr/local/texlive/2023/texmf-dist/tex/latex/pgf/compatibility/pgfcomp-version-0-65.sty
Package: pgfcomp-version-0-65 2023-01-15 v3.1.10 (3.1.10)
\pgf@nodesepstart=\dimen289
\pgf@nodesepend=\dimen290
) (/usr/local/texlive/2023/texmf-dist/tex/latex/pgf/compatibility/pgfcomp-version-1-18.sty
Package: pgfcomp-version-1-18 2023-01-15 v3.1.10 (3.1.10)
)) (/usr/local/texlive/2023/texmf-dist/tex/latex/pgf/utilities/pgffor.sty (/usr/local/texlive/2023/texmf-dist/tex/latex/pgf/utilities/pgfkeys.sty (/usr/local/texlive/2023/texmf-dist/tex/generic/pgf/utilities/pgfkeys.code.tex)) (/usr/local/texlive/2023/texmf-dist/tex/latex/pgf/math/pgfmath.sty (/usr/local/texlive/2023/texmf-dist/tex/generic/pgf/math/pgfmath.code.tex)) (/usr/local/texlive/2023/texmf-dist/tex/generic/pgf/utilities/pgffor.code.tex
Package: pgffor 2023-01-15 v3.1.10 (3.1.10)
\pgffor@iter=\dimen291
\pgffor@skip=\dimen292
\pgffor@stack=\toks43
\pgffor@toks=\toks44
)) (/usr/local/texlive/2023/texmf-dist/tex/generic/pgf/frontendlayer/tikz/tikz.code.tex
Package: tikz 2023-01-15 v3.1.10 (3.1.10)
 (/usr/local/texlive/2023/texmf-dist/tex/generic/pgf/libraries/pgflibraryplothandlers.code.tex
File: pgflibraryplothandlers.code.tex 2023-01-15 v3.1.10 (3.1.10)
\pgf@plot@mark@count=\count332
\pgfplotmarksize=\dimen293
)
\tikz@lastx=\dimen294
\tikz@lasty=\dimen295
\tikz@lastxsaved=\dimen296
\tikz@lastysaved=\dimen297
\tikz@lastmovetox=\dimen298
\tikz@lastmovetoy=\dimen299
\tikzleveldistance=\dimen300
\tikzsiblingdistance=\dimen301
\tikz@figbox=\box113
\tikz@figbox@bg=\box114
\tikz@tempbox=\box115
\tikz@tempbox@bg=\box116
\tikztreelevel=\count333
\tikznumberofchildren=\count334
\tikznumberofcurrentchild=\count335
\tikz@fig@count=\count336
 (/usr/local/texlive/2023/texmf-dist/tex/generic/pgf/modules/pgfmodulematrix.code.tex
File: pgfmodulematrix.code.tex 2023-01-15 v3.1.10 (3.1.10)
\pgfmatrixcurrentrow=\count337
\pgfmatrixcurrentcolumn=\count338
\pgf@matrix@numberofcolumns=\count339
)
\tikz@expandcount=\count340
 (/usr/local/texlive/2023/texmf-dist/tex/generic/pgf/frontendlayer/tikz/libraries/tikzlibrarytopaths.code.tex
File: tikzlibrarytopaths.code.tex 2023-01-15 v3.1.10 (3.1.10)
))) (/usr/local/texlive/2023/texmf-dist/tex/generic/pgf/frontendlayer/tikz/libraries/tikzlibraryarrows.code.tex
File: tikzlibraryarrows.code.tex 2023-01-15 v3.1.10 (3.1.10)
 (/usr/local/texlive/2023/texmf-dist/tex/generic/pgf/libraries/pgflibraryarrows.code.tex
File: pgflibraryarrows.code.tex 2023-01-15 v3.1.10 (3.1.10)
\arrowsize=\dimen302
)) (/usr/local/texlive/2023/texmf-dist/tex/generic/pgf/frontendlayer/tikz/libraries/tikzlibrarybackgrounds.code.tex
File: tikzlibrarybackgrounds.code.tex 2023-01-15 v3.1.10 (3.1.10)
\pgf@layerbox@background=\box117
\pgf@layerboxsaved@background=\box118
) (/usr/local/texlive/2023/texmf-dist/tex/generic/pgf/frontendlayer/tikz/libraries/tikzlibrarycalc.code.tex
File: tikzlibrarycalc.code.tex 2023-01-15 v3.1.10 (3.1.10)
) (/usr/local/texlive/2023/texmf-dist/tex/generic/pgf/frontendlayer/tikz/libraries/tikzlibrarypatterns.code.tex
File: tikzlibrarypatterns.code.tex 2023-01-15 v3.1.10 (3.1.10)
 (/usr/local/texlive/2023/texmf-dist/tex/generic/pgf/libraries/pgflibrarypatterns.code.tex
File: pgflibrarypatterns.code.tex 2023-01-15 v3.1.10 (3.1.10)
)) (/usr/local/texlive/2023/texmf-dist/tex/generic/pgf/frontendlayer/tikz/libraries/tikzlibrarypositioning.code.tex
File: tikzlibrarypositioning.code.tex 2023-01-15 v3.1.10 (3.1.10)
) (/usr/local/texlive/2023/texmf-dist/tex/generic/pgf/frontendlayer/tikz/libraries/tikzlibraryshapes.geometric.code.tex
File: tikzlibraryshapes.geometric.code.tex 2023-01-15 v3.1.10 (3.1.10)
 (/usr/local/texlive/2023/texmf-dist/tex/generic/pgf/libraries/shapes/pgflibraryshapes.geometric.code.tex
File: pgflibraryshapes.geometric.code.tex 2023-01-15 v3.1.10 (3.1.10)
)) (/usr/local/texlive/2023/texmf-dist/tex/latex/pgf/utilities/pgfcalendar.sty (/usr/local/texlive/2023/texmf-dist/tex/generic/pgf/utilities/pgfcalendar.code.tex
File: pgfcalendar.code.tex 2023-01-15 v3.1.10 (3.1.10)
\pgfcalendarcurrentjulian=\count341
\pgf@cal@easter@Y=\count342
\pgf@cal@easter@G=\count343
\pgf@cal@easter@C=\count344
\pgf@cal@easter@X=\count345
\pgf@cal@easter@Z=\count346
\pgf@cal@easter@D=\count347
\pgf@cal@easter@E=\count348
\pgf@cal@easter@N=\count349
\pgf@cal@easter@M=\count350
\pgf@cal@easter@julianday=\count351
))
\gtt@currentline=\count352
\gtt@lasttitleline=\count353
\gtt@currgrid=\count354
\gtt@chartwidth=\count355
\gtt@lasttitleslot=\count356
\gtt@elementid=\count357
\gtt@today@slot=\count358
\gtt@startjulian=\count359
\gtt@endjulian=\count360
\gtt@chartid=\count361
\gtt@vrule@slot=\count362
\gtt@calendar@slots=\count363
\gtt@calendar@weeknumber=\count364
\gtt@calendar@startofweek=\count365
\gtt@left@slot=\count366
\gtt@right@slot=\count367
) (/usr/local/texlive/2023/texmf-dist/tex/latex/hyperref/hyperref.sty
Package: hyperref 2023-05-16 v7.00y Hypertext links for LaTeX
 (/usr/local/texlive/2023/texmf-dist/tex/generic/iftex/iftex.sty
Package: iftex 2022/02/03 v1.0f TeX engine tests
) (/usr/local/texlive/2023/texmf-dist/tex/generic/pdftexcmds/pdftexcmds.sty
Package: pdftexcmds 2020-06-27 v0.33 Utility functions of pdfTeX for LuaTeX (HO)
 (/usr/local/texlive/2023/texmf-dist/tex/generic/infwarerr/infwarerr.sty
Package: infwarerr 2019/12/03 v1.5 Providing info/warning/error messages (HO)
)
Package pdftexcmds Info: \pdf@primitive is available.
Package pdftexcmds Info: \pdf@ifprimitive is available.
Package pdftexcmds Info: \pdfdraftmode found.
) (/usr/local/texlive/2023/texmf-dist/tex/generic/kvdefinekeys/kvdefinekeys.sty
Package: kvdefinekeys 2019-12-19 v1.6 Define keys (HO)
) (/usr/local/texlive/2023/texmf-dist/tex/generic/pdfescape/pdfescape.sty
Package: pdfescape 2019/12/09 v1.15 Implements pdfTeX's escape features (HO)
) (/usr/local/texlive/2023/texmf-dist/tex/latex/hycolor/hycolor.sty
Package: hycolor 2020-01-27 v1.10 Color options for hyperref/bookmark (HO)
) (/usr/local/texlive/2023/texmf-dist/tex/latex/letltxmacro/letltxmacro.sty
Package: letltxmacro 2019/12/03 v1.6 Let assignment for LaTeX macros (HO)
) (/usr/local/texlive/2023/texmf-dist/tex/latex/auxhook/auxhook.sty
Package: auxhook 2019-12-17 v1.6 Hooks for auxiliary files (HO)
) (/usr/local/texlive/2023/texmf-dist/tex/latex/hyperref/nameref.sty
Package: nameref 2023-05-16 v2.51 Cross-referencing by name of section
 (/usr/local/texlive/2023/texmf-dist/tex/latex/refcount/refcount.sty
Package: refcount 2019/12/15 v3.6 Data extraction from label references (HO)
) (/usr/local/texlive/2023/texmf-dist/tex/generic/gettitlestring/gettitlestring.sty
Package: gettitlestring 2019/12/15 v1.6 Cleanup title references (HO)
)
\c@section@level=\count368
) (/usr/local/texlive/2023/texmf-dist/tex/latex/etoolbox/etoolbox.sty
Package: etoolbox 2020/10/05 v2.5k e-TeX tools for LaTeX (JAW)
\etb@tempcnta=\count369
)
\@linkdim=\dimen303
\Hy@linkcounter=\count370
\Hy@pagecounter=\count371
 (/usr/local/texlive/2023/texmf-dist/tex/latex/hyperref/pd1enc.def
File: pd1enc.def 2023-05-16 v7.00y Hyperref: PDFDocEncoding definition (HO)
Now handling font encoding PD1 ...
... no UTF-8 mapping file for font encoding PD1
) (/usr/local/texlive/2023/texmf-dist/tex/generic/intcalc/intcalc.sty
Package: intcalc 2019/12/15 v1.3 Expandable calculations with integers (HO)
)
\Hy@SavedSpaceFactor=\count372
 (/usr/local/texlive/2023/texmf-dist/tex/latex/hyperref/puenc.def
File: puenc.def 2023-05-16 v7.00y Hyperref: PDF Unicode definition (HO)
Now handling font encoding PU ...
... no UTF-8 mapping file for font encoding PU
)
Package hyperref Info: Hyper figures OFF on input line 4167.
Package hyperref Info: Link nesting OFF on input line 4172.
Package hyperref Info: Hyper index ON on input line 4175.
Package hyperref Info: Plain pages OFF on input line 4182.
Package hyperref Info: Backreferencing OFF on input line 4187.
Package hyperref Info: Implicit mode ON; LaTeX internals redefined.
Package hyperref Info: Bookmarks ON on input line 4434.
\c@Hy@tempcnt=\count373
 (/usr/local/texlive/2023/texmf-dist/tex/latex/url/url.sty
\Urlmuskip=\muskip17
Package: url 2013/09/16  ver 3.4  Verb mode for urls, etc.
)
LaTeX Info: Redefining \url on input line 4772.
\XeTeXLinkMargin=\dimen304
 (/usr/local/texlive/2023/texmf-dist/tex/generic/bitset/bitset.sty
Package: bitset 2019/12/09 v1.3 Handle bit-vector datatype (HO)
 (/usr/local/texlive/2023/texmf-dist/tex/generic/bigintcalc/bigintcalc.sty
Package: bigintcalc 2019/12/15 v1.5 Expandable calculations on big integers (HO)
))
\Fld@menulength=\count374
\Field@Width=\dimen305
\Fld@charsize=\dimen306
Package hyperref Info: Hyper figures OFF on input line 6051.
Package hyperref Info: Link nesting OFF on input line 6056.
Package hyperref Info: Hyper index ON on input line 6059.
Package hyperref Info: backreferencing OFF on input line 6066.
Package hyperref Info: Link coloring OFF on input line 6071.
Package hyperref Info: Link coloring with OCG OFF on input line 6076.
Package hyperref Info: PDF/A mode OFF on input line 6081.
 (/usr/local/texlive/2023/texmf-dist/tex/latex/base/atbegshi-ltx.sty
Package: atbegshi-ltx 2021/01/10 v1.0c Emulation of the original atbegshi
package with kernel methods
)
\Hy@abspage=\count375
\c@Item=\count376
\c@Hfootnote=\count377
)
Package hyperref Info: Driver (autodetected): hpdftex.
 (/usr/local/texlive/2023/texmf-dist/tex/latex/hyperref/hpdftex.def
File: hpdftex.def 2023-05-16 v7.00y Hyperref driver for pdfTeX
 (/usr/local/texlive/2023/texmf-dist/tex/latex/base/atveryend-ltx.sty
Package: atveryend-ltx 2020/08/19 v1.0a Emulation of the original atveryend package
with kernel methods
)
\Fld@listcount=\count378
\c@bookmark@seq@number=\count379
 (/usr/local/texlive/2023/texmf-dist/tex/latex/rerunfilecheck/rerunfilecheck.sty
Package: rerunfilecheck 2022-07-10 v1.10 Rerun checks for auxiliary files (HO)
 (/usr/local/texlive/2023/texmf-dist/tex/generic/uniquecounter/uniquecounter.sty
Package: uniquecounter 2019/12/15 v1.4 Provide unlimited unique counter (HO)
)
Package uniquecounter Info: New unique counter `rerunfilecheck' on input line 285.
)
\Hy@SectionHShift=\skip86
)) (/usr/local/texlive/2023/texmf-dist/tex/latex/cleveref/cleveref.sty
Package: cleveref 2018/03/27 v0.21.4 Intelligent cross-referencing
Package cleveref Info: `hyperref' support loaded on input line 2370.
LaTeX Info: Redefining \cref on input line 2370.
LaTeX Info: Redefining \Cref on input line 2370.
LaTeX Info: Redefining \crefrange on input line 2370.
LaTeX Info: Redefining \Crefrange on input line 2370.
LaTeX Info: Redefining \cpageref on input line 2370.
LaTeX Info: Redefining \Cpageref on input line 2370.
LaTeX Info: Redefining \cpagerefrange on input line 2370.
LaTeX Info: Redefining \Cpagerefrange on input line 2370.
LaTeX Info: Redefining \labelcref on input line 2370.
LaTeX Info: Redefining \labelcpageref on input line 2370.
Package cleveref Info: `listings' support loaded on input line 3131.
) (/usr/local/texlive/2023/texmf-dist/tex/latex/l3backend/l3backend-pdftex.def
File: l3backend-pdftex.def 2023-04-19 L3 backend support: PDF output (pdfTeX)
\l__color_backend_stack_int=\count380
\l__pdf_internal_box=\box119
) (./report.aux)
\openout1 = `report.aux'.

LaTeX Font Info:    Checking defaults for OML/cmm/m/it on input line 36.
LaTeX Font Info:    ... okay on input line 36.
LaTeX Font Info:    Checking defaults for OMS/cmsy/m/n on input line 36.
LaTeX Font Info:    ... okay on input line 36.
LaTeX Font Info:    Checking defaults for OT1/cmr/m/n on input line 36.
LaTeX Font Info:    ... okay on input line 36.
LaTeX Font Info:    Checking defaults for T1/cmr/m/n on input line 36.
LaTeX Font Info:    ... okay on input line 36.
LaTeX Font Info:    Checking defaults for TS1/cmr/m/n on input line 36.
LaTeX Font Info:    ... okay on input line 36.
LaTeX Font Info:    Checking defaults for OMX/cmex/m/n on input line 36.
LaTeX Font Info:    ... okay on input line 36.
LaTeX Font Info:    Checking defaults for U/cmr/m/n on input line 36.
LaTeX Font Info:    ... okay on input line 36.
LaTeX Font Info:    Checking defaults for PD1/pdf/m/n on input line 36.
LaTeX Font Info:    ... okay on input line 36.
LaTeX Font Info:    Checking defaults for PU/pdf/m/n on input line 36.
LaTeX Font Info:    ... okay on input line 36.
 (/usr/local/texlive/2023/texmf-dist/tex/context/base/mkii/supp-pdf.mkii
[Loading MPS to PDF converter (version 2006.09.02).]
\scratchcounter=\count381
\scratchdimen=\dimen307
\scratchbox=\box120
\nofMPsegments=\count382
\nofMParguments=\count383
\everyMPshowfont=\toks45
\MPscratchCnt=\count384
\MPscratchDim=\dimen308
\MPnumerator=\count385
\makeMPintoPDFobject=\count386
\everyMPtoPDFconversion=\toks46
) (/usr/local/texlive/2023/texmf-dist/tex/latex/epstopdf-pkg/epstopdf-base.sty
Package: epstopdf-base 2020-01-24 v2.11 Base part for package epstopdf
Package epstopdf-base Info: Redefining graphics rule for `.eps' on input line 485.
 (/usr/local/texlive/2023/texmf-dist/tex/latex/latexconfig/epstopdf-sys.cfg
File: epstopdf-sys.cfg 2010/07/13 v1.3 Configuration of (r)epstopdf for TeX Live
)) (/usr/local/texlive/2023/texmf-dist/tex/latex/pdflscape/pdflscape.sty
Package: pdflscape 2022-10-27 v0.13 Display of landscape pages in PDF
 (/usr/local/texlive/2023/texmf-dist/tex/latex/pdflscape/pdflscape-nometadata.sty
Package: pdflscape-nometadata 2022-10-28 v0.13 Display of landscape pages in PDF (HO)
 (/usr/local/texlive/2023/texmf-dist/tex/latex/graphics/lscape.sty
Package: lscape 2020/05/28 v3.02 Landscape Pages (DPC)
)
Package pdflscape Info: Auto-detected driver: pdftex on input line 81.
))
\c@lstlisting=\count387
\symgns@font=\mathgroup7
LaTeX Font Info:    Overwriting symbol font `gns@font' in version `bold'
(Font)                  TS1/cmr/m/n --> TS1/cmr/b/n on input line 36.
Package gensymb Info: Math companion symbols declared on input line 36.
LaTeX Info: Redefining \degree on input line 36.
LaTeX Info: Redefining \celsius on input line 36.
Package gensymb Info: Using text companion symbols for \degree, \celsius and \perthousand on input line 36.
LaTeX Info: Redefining \ohm on input line 36.
Package gensymb Info: Using \textohm for \ohm on input line 36.
Package gensymb Info: Using \textmu for \micro on input line 36.

isodate: babel.sty, (n)german.sty have not been loaded
Package hyperref Info: Link coloring OFF on input line 36.
(./report.out) (./report.out)
\@outlinefile=\write4
\openout4 = `report.out'.

LaTeX Font Info:    Trying to load font information for U+msa on input line 52.
 (/usr/local/texlive/2023/texmf-dist/tex/latex/amsfonts/umsa.fd
File: umsa.fd 2013/01/14 v3.01 AMS symbols A
)
LaTeX Font Info:    Trying to load font information for U+msb on input line 52.
 (/usr/local/texlive/2023/texmf-dist/tex/latex/amsfonts/umsb.fd
File: umsb.fd 2013/01/14 v3.01 AMS symbols B
)
<images/eth_logo.pdf, id=143, 8857.09pt x 2400.97pt>
File: images/eth_logo.pdf Graphic file (type pdf)
<use images/eth_logo.pdf>
Package pdftex.def Info: images/eth_logo.pdf  used on input line 52.
(pdftex.def)             Requested size: 157.31242pt x 42.67912pt.

Overfull \vbox (10.27916pt too high) detected at line 52
 []

<images/asl_logo.pdf, id=144, 429.605pt x 196.735pt>
File: images/asl_logo.pdf Graphic file (type pdf)
<use images/asl_logo.pdf>
Package pdftex.def Info: images/asl_logo.pdf  used on input line 52.
(pdftex.def)             Requested size: 62.13052pt x 28.45274pt.

Overfull \vbox (24.60004pt too high) detected at line 52
 []


Overfull \hbox (100.27724pt too wide) in paragraph at lines 52--52
 |  [] 
 []


Overfull \hbox (122.7123pt too wide) in paragraph at lines 52--52
 []|  [][][] 
 []


Overfull \hbox (122.7123pt too wide) in paragraph at lines 52--52
 []|  [][][] 
 []


Overfull \hbox (105.9677pt too wide) in paragraph at lines 52--52
 []|  [] 
 []

[1

{/usr/local/texlive/2023/texmf-var/fonts/map/pdftex/updmap/pdftex.map} <./images/eth_logo.pdf> <./images/asl_logo.pdf>] [2

]
<chapters/declaration-originality-signed.pdf, id=167, 598.235pt x 845.1575pt>
File: chapters/declaration-originality-signed.pdf Graphic file (type pdf)
<use chapters/declaration-originality-signed.pdf>
Package pdftex.def Info: chapters/declaration-originality-signed.pdf  used on input line 63.
(pdftex.def)             Requested size: 598.23354pt x 845.15544pt.
File: chapters/declaration-originality-signed.pdf Graphic file (type pdf)
<use chapters/declaration-originality-signed.pdf>
Package pdftex.def Info: chapters/declaration-originality-signed.pdf  used on input line 63.
(pdftex.def)             Requested size: 598.23354pt x 845.15544pt.
<chapters/declaration-originality-signed.pdf, id=170, page=1, 598.235pt x 845.1575pt>
File: chapters/declaration-originality-signed.pdf Graphic file (type pdf)
<use chapters/declaration-originality-signed.pdf, page 1>
Package pdftex.def Info: chapters/declaration-originality-signed.pdf , page1 used on input line 63.
(pdftex.def)             Requested size: 598.23354pt x 845.15544pt.
File: chapters/declaration-originality-signed.pdf Graphic file (type pdf)
<use chapters/declaration-originality-signed.pdf, page 1>
Package pdftex.def Info: chapters/declaration-originality-signed.pdf , page1 used on input line 63.
(pdftex.def)             Requested size: 596.9373pt x 843.32419pt.
File: chapters/declaration-originality-signed.pdf Graphic file (type pdf)
<use chapters/declaration-originality-signed.pdf, page 1>
Package pdftex.def Info: chapters/declaration-originality-signed.pdf , page1 used on input line 63.
(pdftex.def)             Requested size: 596.9373pt x 843.32419pt.
File: chapters/declaration-originality-signed.pdf Graphic file (type pdf)
<use chapters/declaration-originality-signed.pdf, page 1>
Package pdftex.def Info: chapters/declaration-originality-signed.pdf , page1 used on input line 63.
(pdftex.def)             Requested size: 596.9373pt x 843.32419pt.
File: chapters/declaration-originality-signed.pdf Graphic file (type pdf)
<use chapters/declaration-originality-signed.pdf, page 1>
Package pdftex.def Info: chapters/declaration-originality-signed.pdf , page1 used on input line 63.
(pdftex.def)             Requested size: 596.9373pt x 843.32419pt.
 [1 <./chapters/declaration-originality-signed.pdf>] (./report.toc)
\tf@toc=\write5
\openout5 = `report.toc'.

 [2

] (./chapters/0_abstract.tex) [3


] [4

] (./chapters/0_symbols.tex [5

]) [6] (./chapters/1_introduction.tex
Chapter 1.
) (./chapters/2_background.tex
pdfTeX warning (ext4): destination with the same identifier (name{page.1}) has been already used, duplicate ignored
<to be read again> 
                   \relax 
l.1 \chapter
            {Background} [1


]
Chapter 2.
<images/coordinate_systems.jpg, id=280, 2029.5825pt x 1003.75pt>
File: images/coordinate_systems.jpg Graphic file (type jpg)
<use images/coordinate_systems.jpg>
Package pdftex.def Info: images/coordinate_systems.jpg  used on input line 13.
(pdftex.def)             Requested size: 180.67499pt x 89.35338pt.

LaTeX Warning: `h' float specifier changed to `ht'.


pdfTeX warning (ext4): destination with the same identifier (name{page.2}) has been already used, duplicate ignored
<to be read again> 
                   \relax 
l.43 
      [2

 <./images/coordinate_systems.jpg>]
LaTeX Font Info:    Trying to load font information for OML+cmr on input line 46.
 (/usr/local/texlive/2023/texmf-dist/tex/latex/base/omlcmr.fd
File: omlcmr.fd 2022/07/10 v2.5l Standard LaTeX font definitions
)
LaTeX Font Info:    Font shape `OML/cmr/bx/it' in size <10> not available
(Font)              Font shape `OML/cmm/b/it' tried instead on input line 46.
LaTeX Font Info:    Font shape `OML/cmr/bx/it' in size <7> not available
(Font)              Font shape `OML/cmm/b/it' tried instead on input line 46.
LaTeX Font Info:    Font shape `OML/cmr/bx/it' in size <5> not available
(Font)              Font shape `OML/cmm/b/it' tried instead on input line 46.
 [3] [4]
<images/distortion_radial.png, id=321, 762.85pt x 754.82pt>
File: images/distortion_radial.png Graphic file (type png)
<use images/distortion_radial.png>
Package pdftex.def Info: images/distortion_radial.png  used on input line 116.
(pdftex.def)             Requested size: 116.85535pt x 115.63464pt.
<images/distortion_tangential.png, id=323, 909.3975pt x 737.75626pt>
File: images/distortion_tangential.png Graphic file (type png)
<use images/distortion_tangential.png>
Package pdftex.def Info: images/distortion_tangential.png  used on input line 118.
(pdftex.def)             Requested size: 160.3403pt x 130.08621pt.
) (./chapters/3_method.tex [5 <./images/distortion_radial.png> <./images/distortion_tangential.png>]
Chapter 3.
<images/overview.png, id=344, 5631.0375pt x 3021.2875pt>
File: images/overview.png Graphic file (type png)
<use images/overview.png>
Package pdftex.def Info: images/overview.png  used on input line 13.
(pdftex.def)             Requested size: 325.21278pt x 174.44647pt.
[6

 <./images/overview.png>]
<images/railway_map.jpg, id=353, 854.19125pt x 426.59375pt>
File: images/railway_map.jpg Graphic file (type jpg)
<use images/railway_map.jpg>
Package pdftex.def Info: images/railway_map.jpg  used on input line 26.
(pdftex.def)             Requested size: 271.01248pt x 135.34111pt.
 [7{/usr/local/texlive/2023/texmf-dist/fonts/enc/dvips/cm-super/cm-super-ts1.enc} <./images/railway_map.jpg>]
<images/0570_reprojected.jpg, id=368, 1927.2pt x 1204.5pt>
File: images/0570_reprojected.jpg Graphic file (type jpg)
<use images/0570_reprojected.jpg>
Package pdftex.def Info: images/0570_reprojected.jpg  used on input line 98.
(pdftex.def)             Requested size: 173.44644pt x 108.40031pt.
<images/5410_reprojected.jpg, id=369, 1927.2pt x 1204.5pt>
File: images/5410_reprojected.jpg Graphic file (type jpg)
<use images/5410_reprojected.jpg>
Package pdftex.def Info: images/5410_reprojected.jpg  used on input line 102.
(pdftex.def)             Requested size: 173.44644pt x 108.40031pt.
 [8 <./images/0570_reprojected.jpg> <./images/5410_reprojected.jpg>]
<images/0570_annotated.jpg, id=383, 1927.2pt x 1204.5pt>
File: images/0570_annotated.jpg Graphic file (type jpg)
<use images/0570_annotated.jpg>
Package pdftex.def Info: images/0570_annotated.jpg  used on input line 144.
(pdftex.def)             Requested size: 173.44644pt x 108.40031pt.
<images/5410_annotated.jpg, id=384, 1927.2pt x 1204.5pt>
File: images/5410_annotated.jpg Graphic file (type jpg)
<use images/5410_annotated.jpg>
Package pdftex.def Info: images/5410_annotated.jpg  used on input line 148.
(pdftex.def)             Requested size: 173.44644pt x 108.40031pt.
 [9 <./images/0570_annotated.jpg> <./images/5410_annotated.jpg>]
<images/0570_optimization_initial.png, id=396, 1927.2pt x 1204.5pt>
File: images/0570_optimization_initial.png Graphic file (type png)
<use images/0570_optimization_initial.png>
Package pdftex.def Info: images/0570_optimization_initial.png  used on input line 192.
(pdftex.def)             Requested size: 173.44644pt x 108.40031pt.
<images/5410_optimization_initial.png, id=397, 1927.2pt x 1204.5pt>
File: images/5410_optimization_initial.png Graphic file (type png)
<use images/5410_optimization_initial.png>
Package pdftex.def Info: images/5410_optimization_initial.png  used on input line 196.
(pdftex.def)             Requested size: 173.44644pt x 108.40031pt.
 [10 <./images/0570_optimization_initial.png (PNG copy)> <./images/5410_optimization_initial.png (PNG copy)>]
<images/optimization_multi-frame.png, id=410, 6434.0375pt x 3623.5375pt>
File: images/optimization_multi-frame.png Graphic file (type png)
<use images/optimization_multi-frame.png>
Package pdftex.def Info: images/optimization_multi-frame.png  used on input line 238.
(pdftex.def)             Requested size: 361.34999pt x 203.46962pt.
) (./chapters/4_implementation.tex [11 <./images/optimization_multi-frame.png>]
Chapter 4.
[12

]
Underfull \vbox (badness 6332) has occurred while \output is active []

 [13] [14]
LaTeX Font Info:    Font shape `OML/cmr/m/n' in size <10> not available
(Font)              Font shape `OML/cmm/m/it' tried instead on input line 91.

Overfull \hbox (2.21288pt too wide) in paragraph at lines 91--92
[]|\OT1/cmr/m/n/10 std::vector\OML/cmm/m/it/10 <\OT1/cmr/m/n/10 Eigen::Vector2d\OML/cmm/m/it/10 >| 
 []


Overfull \hbox (2.21288pt too wide) in paragraph at lines 92--93
[]|\OT1/cmr/m/n/10 std::vector\OML/cmm/m/it/10 <\OT1/cmr/m/n/10 Eigen::Vector3d\OML/cmm/m/it/10 >| 
 []

) (./chapters/5_results.tex [15]
Chapter 5.
<images/0490_optimization_final.png, id=467, 1927.2pt x 1204.5pt>
File: images/0490_optimization_final.png Graphic file (type png)
<use images/0490_optimization_final.png>
Package pdftex.def Info: images/0490_optimization_final.png  used on input line 15.
(pdftex.def)             Requested size: 173.44644pt x 108.40031pt.
<images/0570_optimization_final.png, id=468, 1927.2pt x 1204.5pt>
File: images/0570_optimization_final.png Graphic file (type png)
<use images/0570_optimization_final.png>
Package pdftex.def Info: images/0570_optimization_final.png  used on input line 19.
(pdftex.def)             Requested size: 173.44644pt x 108.40031pt.
<images/0950_optimization_final.png, id=469, 1927.2pt x 1204.5pt>
File: images/0950_optimization_final.png Graphic file (type png)
<use images/0950_optimization_final.png>
Package pdftex.def Info: images/0950_optimization_final.png  used on input line 23.
(pdftex.def)             Requested size: 173.44644pt x 108.40031pt.
<images/5410_optimization_final.png, id=470, 1927.2pt x 1204.5pt>
File: images/5410_optimization_final.png Graphic file (type png)
<use images/5410_optimization_final.png>
Package pdftex.def Info: images/5410_optimization_final.png  used on input line 27.
(pdftex.def)             Requested size: 173.44644pt x 108.40031pt.
[16

 <./images/0490_optimization_final.png (PNG copy)> <./images/0570_optimization_final.png (PNG copy)> <./images/0950_optimization_final.png (PNG copy)> <./images/5410_optimization_final.png (PNG copy)>]
<images/0950_optimization_initial.png, id=477, 1927.2pt x 1204.5pt>
File: images/0950_optimization_initial.png Graphic file (type png)
<use images/0950_optimization_initial.png>
Package pdftex.def Info: images/0950_optimization_initial.png  used on input line 50.
(pdftex.def)             Requested size: 173.44644pt x 108.40031pt.
File: images/0950_optimization_final.png Graphic file (type png)
<use images/0950_optimization_final.png>
Package pdftex.def Info: images/0950_optimization_final.png  used on input line 54.
(pdftex.def)             Requested size: 173.44644pt x 108.40031pt.
 [17 <./images/0950_optimization_initial.png (PNG copy)>] [18]
<images/0490_optimization_initial_crop.jpg, id=493, 1606.0pt x 1204.5pt>
File: images/0490_optimization_initial_crop.jpg Graphic file (type jpg)
<use images/0490_optimization_initial_crop.jpg>
Package pdftex.def Info: images/0490_optimization_initial_crop.jpg  used on input line 103.
(pdftex.def)             Requested size: 115.63464pt x 86.7129pt.
<images/0570_optimization_initial_crop.jpg, id=494, 1606.0pt x 1204.5pt>
File: images/0570_optimization_initial_crop.jpg Graphic file (type jpg)
<use images/0570_optimization_initial_crop.jpg>
Package pdftex.def Info: images/0570_optimization_initial_crop.jpg  used on input line 107.
(pdftex.def)             Requested size: 115.63464pt x 86.7129pt.
<images/0950_optimization_initial_crop.jpg, id=495, 1606.0pt x 1204.5pt>
File: images/0950_optimization_initial_crop.jpg Graphic file (type jpg)
<use images/0950_optimization_initial_crop.jpg>
Package pdftex.def Info: images/0950_optimization_initial_crop.jpg  used on input line 111.
(pdftex.def)             Requested size: 115.63464pt x 86.7129pt.
<images/0490_multi-frame_final_crop.jpg, id=496, 1606.0pt x 1204.5pt>
File: images/0490_multi-frame_final_crop.jpg Graphic file (type jpg)
<use images/0490_multi-frame_final_crop.jpg>
Package pdftex.def Info: images/0490_multi-frame_final_crop.jpg  used on input line 120.
(pdftex.def)             Requested size: 115.63464pt x 86.7129pt.
<images/0570_multi-frame_final_crop.jpg, id=497, 1606.0pt x 1204.5pt>
File: images/0570_multi-frame_final_crop.jpg Graphic file (type jpg)
<use images/0570_multi-frame_final_crop.jpg>
Package pdftex.def Info: images/0570_multi-frame_final_crop.jpg  used on input line 124.
(pdftex.def)             Requested size: 115.63464pt x 86.7129pt.
<images/0950_multi-frame_final_crop.jpg, id=498, 1606.0pt x 1204.5pt>
File: images/0950_multi-frame_final_crop.jpg Graphic file (type jpg)
<use images/0950_multi-frame_final_crop.jpg>
Package pdftex.def Info: images/0950_multi-frame_final_crop.jpg  used on input line 128.
(pdftex.def)             Requested size: 115.63464pt x 86.7129pt.
<images/0490_optimization_final_crop.jpg, id=499, 1606.0pt x 1204.5pt>
File: images/0490_optimization_final_crop.jpg Graphic file (type jpg)
<use images/0490_optimization_final_crop.jpg>
Package pdftex.def Info: images/0490_optimization_final_crop.jpg  used on input line 137.
(pdftex.def)             Requested size: 115.63464pt x 86.7129pt.
<images/0570_optimization_final_crop.jpg, id=500, 1606.0pt x 1204.5pt>
File: images/0570_optimization_final_crop.jpg Graphic file (type jpg)
<use images/0570_optimization_final_crop.jpg>
Package pdftex.def Info: images/0570_optimization_final_crop.jpg  used on input line 141.
(pdftex.def)             Requested size: 115.63464pt x 86.7129pt.
<images/0950_optimization_final_crop.jpg, id=501, 1606.0pt x 1204.5pt>
File: images/0950_optimization_final_crop.jpg Graphic file (type jpg)
<use images/0950_optimization_final_crop.jpg>
Package pdftex.def Info: images/0950_optimization_final_crop.jpg  used on input line 145.
(pdftex.def)             Requested size: 115.63464pt x 86.7129pt.
 [19 <./images/0490_optimization_initial_crop.jpg> <./images/0570_optimization_initial_crop.jpg> <./images/0950_optimization_initial_crop.jpg> <./images/0490_multi-frame_final_crop.jpg> <./images/0570_multi-frame_final_crop.jpg> <./images/0950_multi-frame_final_crop.jpg> <./images/0490_optimization_final_crop.jpg> <./images/0570_optimization_final_crop.jpg> <./images/0950_optimization_final_crop.jpg>]
<images/1900_nearby_multi-frame_initial_crop.jpg, id=513, 1606.0pt x 1204.5pt>
File: images/1900_nearby_multi-frame_initial_crop.jpg Graphic file (type jpg)
<use images/1900_nearby_multi-frame_initial_crop.jpg>
Package pdftex.def Info: images/1900_nearby_multi-frame_initial_crop.jpg  used on input line 160.
(pdftex.def)             Requested size: 115.63464pt x 86.7129pt.
<images/1905_nearby_multi-frame_initial_crop.jpg, id=514, 1606.0pt x 1204.5pt>
File: images/1905_nearby_multi-frame_initial_crop.jpg Graphic file (type jpg)
<use images/1905_nearby_multi-frame_initial_crop.jpg>
Package pdftex.def Info: images/1905_nearby_multi-frame_initial_crop.jpg  used on input line 164.
(pdftex.def)             Requested size: 115.63464pt x 86.7129pt.
<images/1910_nearby_multi-frame_initial_crop.jpg, id=515, 1606.0pt x 1204.5pt>
File: images/1910_nearby_multi-frame_initial_crop.jpg Graphic file (type jpg)
<use images/1910_nearby_multi-frame_initial_crop.jpg>
Package pdftex.def Info: images/1910_nearby_multi-frame_initial_crop.jpg  used on input line 168.
(pdftex.def)             Requested size: 115.63464pt x 86.7129pt.
<images/1900_nearby_multi-frame_final_crop.jpg, id=516, 1606.0pt x 1204.5pt>
File: images/1900_nearby_multi-frame_final_crop.jpg Graphic file (type jpg)
<use images/1900_nearby_multi-frame_final_crop.jpg>
Package pdftex.def Info: images/1900_nearby_multi-frame_final_crop.jpg  used on input line 177.
(pdftex.def)             Requested size: 115.63464pt x 86.7129pt.
<images/1905_nearby_multi-frame_final_crop.jpg, id=517, 1606.0pt x 1204.5pt>
File: images/1905_nearby_multi-frame_final_crop.jpg Graphic file (type jpg)
<use images/1905_nearby_multi-frame_final_crop.jpg>
Package pdftex.def Info: images/1905_nearby_multi-frame_final_crop.jpg  used on input line 181.
(pdftex.def)             Requested size: 115.63464pt x 86.7129pt.
<images/1910_nearby_multi-frame_final_crop.jpg, id=518, 1606.0pt x 1204.5pt>
File: images/1910_nearby_multi-frame_final_crop.jpg Graphic file (type jpg)
<use images/1910_nearby_multi-frame_final_crop.jpg>
Package pdftex.def Info: images/1910_nearby_multi-frame_final_crop.jpg  used on input line 185.
(pdftex.def)             Requested size: 115.63464pt x 86.7129pt.
 [20 <./images/1900_nearby_multi-frame_initial_crop.jpg> <./images/1905_nearby_multi-frame_initial_crop.jpg> <./images/1910_nearby_multi-frame_initial_crop.jpg> <./images/1900_nearby_multi-frame_final_crop.jpg> <./images/1905_nearby_multi-frame_final_crop.jpg> <./images/1910_nearby_multi-frame_final_crop.jpg>]
<images/GPS_position_measurements.png, id=531, 663.47874pt x 394.47375pt>
File: images/GPS_position_measurements.png Graphic file (type png)
<use images/GPS_position_measurements.png>
Package pdftex.def Info: images/GPS_position_measurements.png  used on input line 204.
(pdftex.def)             Requested size: 307.14969pt x 182.6158pt.
<images/GPS_rotation_measurements.png, id=533, 589.0005pt x 383.7537pt>
File: images/GPS_rotation_measurements.png Graphic file (type png)
<use images/GPS_rotation_measurements.png>
Package pdftex.def Info: images/GPS_rotation_measurements.png  used on input line 213.
(pdftex.def)             Requested size: 343.28139pt x 223.66643pt.
 [21 <./images/GPS_position_measurements.png> <./images/GPS_rotation_measurements.png>]
<images/GPS_height_measurements.png, id=543, 618.31pt x 377.41pt>
File: images/GPS_height_measurements.png Graphic file (type png)
<use images/GPS_height_measurements.png>
Package pdftex.def Info: images/GPS_height_measurements.png  used on input line 225.
(pdftex.def)             Requested size: 252.94388pt x 154.39357pt.
) (./chapters/6_conclusion.tex [22 <./images/GPS_height_measurements.png>]
Chapter 6.
) (./report.bbl [23

]) [24

] (./report.aux)
Package rerunfilecheck Info: File `report.out' has not changed.
(rerunfilecheck)             Checksum: 4E26B91F12CC82E1BB065F69F94B04FF;4819.
 ) 
Here is how much of TeX's memory you used:
 29352 strings out of 475980
 566771 string characters out of 5789004
 1868757 words of memory out of 5000000
 49126 multiletter control sequences out of 15000+600000
 521706 words of font info for 63 fonts, out of 8000000 for 9000
 1141 hyphenation exceptions out of 8191
 104i,23n,97p,835b,568s stack positions out of 10000i,1000n,20000p,200000b,200000s
</usr/local/texlive/2023/texmf-dist/fonts/type1/public/amsfonts/cm/cmbx10.pfb></usr/local/texlive/2023/texmf-dist/fonts/type1/public/amsfonts/cm/cmbx12.pfb></usr/local/texlive/2023/texmf-dist/fonts/type1/public/amsfonts/cm/cmex10.pfb></usr/local/texlive/2023/texmf-dist/fonts/type1/public/amsfonts/cm/cmmi10.pfb></usr/local/texlive/2023/texmf-dist/fonts/type1/public/amsfonts/cm/cmmi7.pfb></usr/local/texlive/2023/texmf-dist/fonts/type1/public/amsfonts/cm/cmmib10.pfb></usr/local/texlive/2023/texmf-dist/fonts/type1/public/amsfonts/cm/cmr10.pfb></usr/local/texlive/2023/texmf-dist/fonts/type1/public/amsfonts/cm/cmr17.pfb></usr/local/texlive/2023/texmf-dist/fonts/type1/public/amsfonts/cm/cmr7.pfb></usr/local/texlive/2023/texmf-dist/fonts/type1/public/amsfonts/cm/cmsy10.pfb></usr/local/texlive/2023/texmf-dist/fonts/type1/public/amsfonts/cm/cmsy5.pfb></usr/local/texlive/2023/texmf-dist/fonts/type1/public/amsfonts/cm/cmsy7.pfb></usr/local/texlive/2023/texmf-dist/fonts/type1/public/amsfonts/cm/cmti10.pfb></usr/local/texlive/2023/texmf-dist/fonts/type1/public/cm-super/sfrm1000.pfb>
Output written on report.pdf (32 pages, 72516288 bytes).
PDF statistics:
 653 PDF objects out of 1000 (max. 8388607)
 523 compressed objects within 6 object streams
 144 named destinations out of 1000 (max. 500000)
 490 words of extra memory for PDF output out of 10000 (max. 10000000)

